#-----------------------------------------------------------
# Vivado v2019.1.2 (64-bit)
# SW Build 2615518 on Fri Aug  9 15:53:29 MDT 2019
# IP Build 2614745 on Fri Aug  9 20:55:02 MDT 2019
# Start of session at: Tue Nov 19 17:14:09 2019
# Process ID: 3313
# Current directory: /afs/athena.mit.edu/user/a/d/addiaz15/FPGuitAr
# Command line: vivado
# Log file: /afs/athena.mit.edu/user/a/d/addiaz15/FPGuitAr/vivado.log
# Journal file: /afs/athena.mit.edu/user/a/d/addiaz15/FPGuitAr/vivado.jou
#-----------------------------------------------------------
start_gui
open_project /afs/athena.mit.edu/user/a/d/addiaz15/FPGuitAr/project_2/project_2.xpr
Scanning sources...
Finished scanning sources
INFO: [IP_Flow 19-234] Refreshing IP repositories
INFO: [IP_Flow 19-1704] No user IP repositories specified
INFO: [IP_Flow 19-2313] Loaded Vivado IP repository '/var/local/xilinx-local/Vivado/2019.1/data/ip'.
update_compile_order -fileset sources_1
reset_run synth_1
launch_runs impl_1 -to_step write_bitstream -jobs 4
[Tue Nov 19 17:23:02 2019] Launched synth_1...
Run output will be captured here: /afs/athena.mit.edu/user/a/d/addiaz15/FPGuitAr/project_2/project_2.runs/synth_1/runme.log
[Tue Nov 19 17:23:02 2019] Launched impl_1...
Run output will be captured here: /afs/athena.mit.edu/user/a/d/addiaz15/FPGuitAr/project_2/project_2.runs/impl_1/runme.log
export_ip_user_files -of_objects  [get_files /afs/athena.mit.edu/user/a/d/addiaz15/FPGuitAr/Downloads/ds_image.coe] -no_script -reset -force -quiet
remove_files  /afs/athena.mit.edu/user/a/d/addiaz15/FPGuitAr/Downloads/ds_image.coe
export_ip_user_files -of_objects  [get_files /afs/athena.mit.edu/user/a/d/addiaz15/FPGuitAr/Downloads/ds_color_map.coe] -no_script -reset -force -quiet
remove_files  /afs/athena.mit.edu/user/a/d/addiaz15/FPGuitAr/Downloads/ds_color_map.coe
reset_run synth_1
reset_runs: Time (s): cpu = 00:00:02 ; elapsed = 00:00:30 . Memory (MB): peak = 6718.527 ; gain = 0.000 ; free physical = 2765 ; free virtual = 13150
launch_runs impl_1 -to_step write_bitstream -jobs 4
[Tue Nov 19 17:24:05 2019] Launched synth_1...
Run output will be captured here: /afs/athena.mit.edu/user/a/d/addiaz15/FPGuitAr/project_2/project_2.runs/synth_1/runme.log
[Tue Nov 19 17:24:05 2019] Launched impl_1...
Run output will be captured here: /afs/athena.mit.edu/user/a/d/addiaz15/FPGuitAr/project_2/project_2.runs/impl_1/runme.log
open_hw
connect_hw_server
INFO: [Labtools 27-2285] Connecting to hw_server url TCP:localhost:3121
INFO: [Labtools 27-2222] Launching hw_server...
INFO: [Labtools 27-2221] Launch Output:

****** Xilinx hw_server v2019.1.2
  **** Build date : Aug  9 2019 at 18:23:23
    ** Copyright 1986-2019 Xilinx, Inc. All Rights Reserved.


open_hw_target
INFO: [Labtoolstcl 44-466] Opening hw_target localhost:3121/xilinx_tcf/Digilent/210292645515A
set_property PROGRAM.FILE {/afs/athena.mit.edu/user/a/d/addiaz15/FPGuitAr/project_2/project_2.runs/impl_1/labkit.bit} [get_hw_devices xc7a100t_0]
current_hw_device [get_hw_devices xc7a100t_0]
refresh_hw_device -update_hw_probes false [lindex [get_hw_devices xc7a100t_0] 0]
INFO: [Labtools 27-1434] Device xc7a100t (JTAG device index = 0) is programmed with a design that has no supported debug core(s) in it.
set_property PROBES.FILE {} [get_hw_devices xc7a100t_0]
set_property FULL_PROBES.FILE {} [get_hw_devices xc7a100t_0]
set_property PROGRAM.FILE {/afs/athena.mit.edu/user/a/d/addiaz15/FPGuitAr/project_2/project_2.runs/impl_1/labkit.bit} [get_hw_devices xc7a100t_0]
program_hw_devices [get_hw_devices xc7a100t_0]
INFO: [Labtools 27-3164] End of startup status: HIGH
refresh_hw_device [lindex [get_hw_devices xc7a100t_0] 0]
INFO: [Labtools 27-1434] Device xc7a100t (JTAG device index = 0) is programmed with a design that has no supported debug core(s) in it.
reset_run synth_1
launch_runs impl_1 -to_step write_bitstream -jobs 4
[Tue Nov 19 17:29:52 2019] Launched synth_1...
Run output will be captured here: /afs/athena.mit.edu/user/a/d/addiaz15/FPGuitAr/project_2/project_2.runs/synth_1/runme.log
[Tue Nov 19 17:29:52 2019] Launched impl_1...
Run output will be captured here: /afs/athena.mit.edu/user/a/d/addiaz15/FPGuitAr/project_2/project_2.runs/impl_1/runme.log
set_property PROBES.FILE {} [get_hw_devices xc7a100t_0]
set_property FULL_PROBES.FILE {} [get_hw_devices xc7a100t_0]
set_property PROGRAM.FILE {/afs/athena.mit.edu/user/a/d/addiaz15/FPGuitAr/project_2/project_2.runs/impl_1/labkit.bit} [get_hw_devices xc7a100t_0]
program_hw_devices [get_hw_devices xc7a100t_0]
INFO: [Labtools 27-3164] End of startup status: HIGH
refresh_hw_device [lindex [get_hw_devices xc7a100t_0] 0]
INFO: [Labtools 27-1434] Device xc7a100t (JTAG device index = 0) is programmed with a design that has no supported debug core(s) in it.
reset_run synth_1
launch_runs impl_1 -to_step write_bitstream -jobs 4
[Tue Nov 19 17:40:02 2019] Launched synth_1...
Run output will be captured here: /afs/athena.mit.edu/user/a/d/addiaz15/FPGuitAr/project_2/project_2.runs/synth_1/runme.log
[Tue Nov 19 17:40:02 2019] Launched impl_1...
Run output will be captured here: /afs/athena.mit.edu/user/a/d/addiaz15/FPGuitAr/project_2/project_2.runs/impl_1/runme.log
set_property PROBES.FILE {} [get_hw_devices xc7a100t_0]
set_property FULL_PROBES.FILE {} [get_hw_devices xc7a100t_0]
set_property PROGRAM.FILE {/afs/athena.mit.edu/user/a/d/addiaz15/FPGuitAr/project_2/project_2.runs/impl_1/labkit.bit} [get_hw_devices xc7a100t_0]
program_hw_devices [get_hw_devices xc7a100t_0]
INFO: [Labtools 27-3164] End of startup status: HIGH
refresh_hw_device [lindex [get_hw_devices xc7a100t_0] 0]
INFO: [Labtools 27-1434] Device xc7a100t (JTAG device index = 0) is programmed with a design that has no supported debug core(s) in it.
reset_run synth_1
launch_runs impl_1 -to_step write_bitstream -jobs 4
[Tue Nov 19 17:44:16 2019] Launched synth_1...
Run output will be captured here: /afs/athena.mit.edu/user/a/d/addiaz15/FPGuitAr/project_2/project_2.runs/synth_1/runme.log
[Tue Nov 19 17:44:16 2019] Launched impl_1...
Run output will be captured here: /afs/athena.mit.edu/user/a/d/addiaz15/FPGuitAr/project_2/project_2.runs/impl_1/runme.log
set_property PROBES.FILE {} [get_hw_devices xc7a100t_0]
set_property FULL_PROBES.FILE {} [get_hw_devices xc7a100t_0]
set_property PROGRAM.FILE {/afs/athena.mit.edu/user/a/d/addiaz15/FPGuitAr/project_2/project_2.runs/impl_1/labkit.bit} [get_hw_devices xc7a100t_0]
program_hw_devices [get_hw_devices xc7a100t_0]
INFO: [Labtools 27-3164] End of startup status: HIGH
refresh_hw_device [lindex [get_hw_devices xc7a100t_0] 0]
INFO: [Labtools 27-1434] Device xc7a100t (JTAG device index = 0) is programmed with a design that has no supported debug core(s) in it.
reset_run synth_1
launch_runs impl_1 -to_step write_bitstream -jobs 4
[Tue Nov 19 17:50:00 2019] Launched synth_1...
Run output will be captured here: /afs/athena.mit.edu/user/a/d/addiaz15/FPGuitAr/project_2/project_2.runs/synth_1/runme.log
[Tue Nov 19 17:50:00 2019] Launched impl_1...
Run output will be captured here: /afs/athena.mit.edu/user/a/d/addiaz15/FPGuitAr/project_2/project_2.runs/impl_1/runme.log
reset_run synth_1
reset_runs: Time (s): cpu = 00:00:02 ; elapsed = 00:00:30 . Memory (MB): peak = 8054.484 ; gain = 0.000 ; free physical = 1916 ; free virtual = 12082
launch_runs impl_1 -to_step write_bitstream -jobs 4
[Tue Nov 19 17:52:16 2019] Launched synth_1...
Run output will be captured here: /afs/athena.mit.edu/user/a/d/addiaz15/FPGuitAr/project_2/project_2.runs/synth_1/runme.log
[Tue Nov 19 17:52:16 2019] Launched impl_1...
Run output will be captured here: /afs/athena.mit.edu/user/a/d/addiaz15/FPGuitAr/project_2/project_2.runs/impl_1/runme.log
set_property PROBES.FILE {} [get_hw_devices xc7a100t_0]
set_property FULL_PROBES.FILE {} [get_hw_devices xc7a100t_0]
set_property PROGRAM.FILE {/afs/athena.mit.edu/user/a/d/addiaz15/FPGuitAr/project_2/project_2.runs/impl_1/labkit.bit} [get_hw_devices xc7a100t_0]
program_hw_devices [get_hw_devices xc7a100t_0]
INFO: [Labtools 27-3164] End of startup status: HIGH
refresh_hw_device [lindex [get_hw_devices xc7a100t_0] 0]
INFO: [Labtools 27-1434] Device xc7a100t (JTAG device index = 0) is programmed with a design that has no supported debug core(s) in it.
exit
INFO: [Common 17-206] Exiting Vivado at Tue Nov 19 17:58:23 2019...
