Copyright 1986-2019 Xilinx, Inc. All Rights Reserved.
----------------------------------------------------------------------------------------------------------------------------------------
| Tool Version     : Vivado v.2019.1.2 (lin64) Build 2615518 Fri Aug  9 15:53:29 MDT 2019
| Date             : Thu Dec  5 09:47:50 2019
| Host             : eecs-digital-207 running 64-bit Ubuntu 14.04.6 LTS
| Command          : report_power -file labkit_power_routed.rpt -pb labkit_power_summary_routed.pb -rpx labkit_power_routed.rpx
| Design           : labkit
| Device           : xc7a100tcsg324-1
| Design State     : routed
| Grade            : commercial
| Process          : typical
| Characterization : Production
----------------------------------------------------------------------------------------------------------------------------------------

Power Report

Table of Contents
-----------------
1. Summary
1.1 On-Chip Components
1.2 Power Supply Summary
1.3 Confidence Level
2. Settings
2.1 Environment
2.2 Clock Constraints
3. Detailed Reports
3.1 By Hierarchy

1. Summary
----------

+--------------------------+--------------+
| Total On-Chip Power (W)  | 0.280        |
| Design Power Budget (W)  | Unspecified* |
| Power Budget Margin (W)  | NA           |
| Dynamic (W)              | 0.178        |
| Device Static (W)        | 0.102        |
| Effective TJA (C/W)      | 4.6          |
| Max Ambient (C)          | 83.7         |
| Junction Temperature (C) | 26.3         |
| Confidence Level         | Low          |
| Setting File             | ---          |
| Simulation Activity File | ---          |
| Design Nets Matched      | NA           |
+--------------------------+--------------+
* Specify Design Power Budget using, set_operating_conditions -design_power_budget <value in Watts>


1.1 On-Chip Components
----------------------

+----------------+-----------+----------+-----------+-----------------+
| On-Chip        | Power (W) | Used     | Available | Utilization (%) |
+----------------+-----------+----------+-----------+-----------------+
| Clocks         |     0.011 |        5 |       --- |             --- |
| Slice Logic    |     0.009 |    14112 |       --- |             --- |
|   LUT as Logic |     0.007 |     6571 |     63400 |           10.36 |
|   CARRY4       |     0.003 |     2016 |     15850 |           12.72 |
|   F7/F8 Muxes  |    <0.001 |      150 |     63400 |            0.24 |
|   Register     |    <0.001 |     3864 |    126800 |            3.05 |
|   Others       |     0.000 |      325 |       --- |             --- |
| Signals        |     0.012 |    10269 |       --- |             --- |
| Block RAM      |     0.009 |     87.5 |       135 |           64.81 |
| MMCM           |     0.122 |        1 |         6 |           16.67 |
| DSPs           |     0.003 |        4 |       240 |            1.67 |
| I/O            |     0.012 |       71 |       210 |           33.81 |
| Static Power   |     0.102 |          |           |                 |
| Total          |     0.280 |          |           |                 |
+----------------+-----------+----------+-----------+-----------------+


1.2 Power Supply Summary
------------------------

+-----------+-------------+-----------+-------------+------------+
| Source    | Voltage (V) | Total (A) | Dynamic (A) | Static (A) |
+-----------+-------------+-----------+-------------+------------+
| Vccint    |       1.000 |     0.062 |       0.044 |      0.018 |
| Vccaux    |       1.800 |     0.086 |       0.068 |      0.018 |
| Vcco33    |       3.300 |     0.007 |       0.003 |      0.004 |
| Vcco25    |       2.500 |     0.000 |       0.000 |      0.000 |
| Vcco18    |       1.800 |     0.000 |       0.000 |      0.000 |
| Vcco15    |       1.500 |     0.000 |       0.000 |      0.000 |
| Vcco135   |       1.350 |     0.000 |       0.000 |      0.000 |
| Vcco12    |       1.200 |     0.000 |       0.000 |      0.000 |
| Vccaux_io |       1.800 |     0.000 |       0.000 |      0.000 |
| Vccbram   |       1.000 |     0.003 |       0.001 |      0.002 |
| MGTAVcc   |       1.000 |     0.000 |       0.000 |      0.000 |
| MGTAVtt   |       1.200 |     0.000 |       0.000 |      0.000 |
| Vccadc    |       1.800 |     0.020 |       0.000 |      0.020 |
+-----------+-------------+-----------+-------------+------------+


1.3 Confidence Level
--------------------

+-----------------------------+------------+--------------------------------------------------------+------------------------------------------------------------------------------------------------------------+
| User Input Data             | Confidence | Details                                                | Action                                                                                                     |
+-----------------------------+------------+--------------------------------------------------------+------------------------------------------------------------------------------------------------------------+
| Design implementation state | High       | Design is routed                                       |                                                                                                            |
| Clock nodes activity        | High       | User specified more than 95% of clocks                 |                                                                                                            |
| I/O nodes activity          | Low        | More than 75% of inputs are missing user specification | Provide missing input activity with simulation results or by editing the "By Resource Type -> I/Os" view   |
| Internal nodes activity     | Medium     | User specified less than 25% of internal nodes         | Provide missing internal nodes activity with simulation results or by editing the "By Resource Type" views |
| Device models               | High       | Device models are Production                           |                                                                                                            |
|                             |            |                                                        |                                                                                                            |
| Overall confidence level    | Low        |                                                        |                                                                                                            |
+-----------------------------+------------+--------------------------------------------------------+------------------------------------------------------------------------------------------------------------+


2. Settings
-----------

2.1 Environment
---------------

+-----------------------+--------------------------+
| Ambient Temp (C)      | 25.0                     |
| ThetaJA (C/W)         | 4.6                      |
| Airflow (LFM)         | 250                      |
| Heat Sink             | medium (Medium Profile)  |
| ThetaSA (C/W)         | 4.6                      |
| Board Selection       | medium (10"x10")         |
| # of Board Layers     | 12to15 (12 to 15 Layers) |
| Board Temperature (C) | 25.0                     |
+-----------------------+--------------------------+


2.2 Clock Constraints
---------------------

+--------------------+-------------------------------+-----------------+
| Clock              | Domain                        | Constraint (ns) |
+--------------------+-------------------------------+-----------------+
| clk_out1_clk_wiz_0 | clkdivider/clk_out1_clk_wiz_0 |            15.4 |
| clkfbout_clk_wiz_0 | clkdivider/clkfbout_clk_wiz_0 |            50.0 |
| sys_clk_pin        | clk_100mhz                    |            10.0 |
+--------------------+-------------------------------+-----------------+


3. Detailed Reports
-------------------

3.1 By Hierarchy
----------------

+--------------+-----------+
| Name         | Power (W) |
+--------------+-----------+
| labkit       |     0.178 |
|   clkdivider |     0.122 |
|   pg         |     0.038 |
|     audio1   |     0.009 |
|       myrec  |     0.009 |
|     d1       |     0.005 |
|       rcm    |     0.001 |
|       rom1   |     0.002 |
|     d10      |     0.005 |
|       rcm    |     0.001 |
|       rom1   |     0.002 |
|     d100     |     0.005 |
|       rcm    |     0.001 |
|       rom1   |     0.002 |
|     d1000    |     0.005 |
|       rcm    |     0.001 |
|       rom1   |     0.002 |
|     notegen  |     0.005 |
|   xvga1      |     0.006 |
+--------------+-----------+


